[07/Nov/2020:03:56:29] (ℹ️): WordPress Instance Info:
[07/Nov/2020:03:56:29] (ℹ️): Home URL : https://www.motorcyclehype.com
[07/Nov/2020:03:56:29] (ℹ️): Site URL : https://www.motorcyclehype.com
[07/Nov/2020:03:56:29] (ℹ️): WordPress Version : 5.5.3
[07/Nov/2020:03:56:29] (ℹ️): Onboarding Version : 1.8.3
[07/Nov/2020:03:56:29] (ℹ️): Multisite : No
[07/Nov/2020:03:56:29] (ℹ️): Server Info : LiteSpeed
[07/Nov/2020:03:56:29] (ℹ️): PHP Version : 7.2.34
[07/Nov/2020:03:56:29] (ℹ️): HTTPS : Yes
[07/Nov/2020:03:56:29] (ℹ️): PHP Max Execution Time : 60
[07/Nov/2020:03:56:29] (ℹ️): PHP Max Input Vars : 5000
[07/Nov/2020:03:56:29] (ℹ️): Max Upload Size : 67108864
[07/Nov/2020:03:56:29] (ℹ️): Plugins:
[07/Nov/2020:03:56:29] (ℹ️): [PLUGIN] Ad Inserter : v2.6.14 (Igor Funa)
[07/Nov/2020:03:56:29] (ℹ️): [PLUGIN] All-in-One WP Migration : v7.24 (ServMask)
[07/Nov/2020:03:56:29] (ℹ️): [PLUGIN] Insert Headers and Footers : v1.4.6 (WPBeginner)
[07/Nov/2020:03:56:29] (ℹ️): [PLUGIN] LiteSpeed Cache : v3.3.1 (LiteSpeed Technologies)
[07/Nov/2020:03:56:29] (ℹ️): [PLUGIN] Yoast SEO : v14.7 (Team Yoast)
[07/Nov/2020:03:56:29] (ℹ️): [PLUGIN] Smush : v3.6.3 (WPMU DEV)
[07/Nov/2020:03:56:29] (ℹ️): WordPress Instance Info:
[07/Nov/2020:03:56:29] (ℹ️): Home URL : https://www.motorcyclehype.com
[07/Nov/2020:03:56:29] (ℹ️): Site URL : https://www.motorcyclehype.com
[07/Nov/2020:03:56:29] (ℹ️): WordPress Version : 5.5.3
[07/Nov/2020:03:56:29] (ℹ️): Onboarding Version : 1.8.3
[07/Nov/2020:03:56:29] (ℹ️): Multisite : No
[07/Nov/2020:03:56:29] (ℹ️): Server Info : LiteSpeed
[07/Nov/2020:03:56:29] (ℹ️): PHP Version : 7.2.34
[07/Nov/2020:03:56:29] (ℹ️): HTTPS : Yes
[07/Nov/2020:03:56:29] (ℹ️): PHP Max Execution Time : 60
[07/Nov/2020:03:56:29] (ℹ️): PHP Max Input Vars : 5000
[07/Nov/2020:03:56:29] (ℹ️): Max Upload Size : 67108864
[07/Nov/2020:03:56:29] (ℹ️): Plugins:
[07/Nov/2020:03:56:29] (ℹ️): [PLUGIN] Ad Inserter : v2.6.14 (Igor Funa)
[07/Nov/2020:03:56:29] (ℹ️): [PLUGIN] All-in-One WP Migration : v7.24 (ServMask)
[07/Nov/2020:03:56:29] (ℹ️): [PLUGIN] Insert Headers and Footers : v1.4.6 (WPBeginner)
[07/Nov/2020:03:56:29] (ℹ️): [PLUGIN] LiteSpeed Cache : v3.3.1 (LiteSpeed Technologies)
[07/Nov/2020:03:56:29] (ℹ️): [PLUGIN] Yoast SEO : v14.7 (Team Yoast)
[07/Nov/2020:03:56:29] (ℹ️): [PLUGIN] Smush : v3.6.3 (WPMU DEV)
